TN:
SF:src/app.js
FNF:0
FNH:0
DA:1,1
DA:2,1
DA:3,1
DA:4,1
DA:5,1
DA:6,1
DA:7,1
DA:8,1
DA:9,1
DA:10,1
DA:11,1
DA:12,1
DA:13,1
LF:13
LH:13
BRF:0
BRH:0
end_of_record
TN:
SF:src/logger.js
FNF:0
FNH:0
DA:1,1
DA:2,1
DA:3,1
DA:4,1
DA:5,1
DA:6,1
LF:6
LH:6
BRF:0
BRH:0
end_of_record
TN:
SF:src/sequelize.js
FN:13,logging
FNF:1
FNH:1
FNDA:52,logging
DA:1,1
DA:2,1
DA:3,1
DA:4,1
DA:5,1
DA:6,1
DA:7,1
DA:8,1
DA:9,1
DA:10,1
DA:11,1
DA:12,1
DA:13,1
DA:14,1
DA:15,1
DA:16,1
DA:17,1
DA:18,1
LF:18
LH:18
BRDA:13,0,0,52
BRF:1
BRH:1
end_of_record
TN:
SF:src/classes/Cliente.js
FN:7,Cliente
FNF:1
FNH:1
FNDA:1,Cliente
DA:1,1
DA:2,1
DA:3,1
DA:4,1
DA:5,1
DA:6,1
DA:7,1
DA:8,1
DA:9,1
DA:10,1
DA:11,1
DA:12,1
DA:13,1
DA:14,1
LF:14
LH:14
BRDA:7,0,0,1
BRF:1
BRH:1
end_of_record
TN:
SF:src/classes/ItemPedido.js
FN:7,ItemPedido
FNF:1
FNH:1
FNDA:3,ItemPedido
DA:1,1
DA:2,1
DA:3,1
DA:4,1
DA:5,1
DA:6,1
DA:7,1
DA:8,3
DA:9,3
DA:10,3
DA:11,3
DA:12,1
DA:13,1
DA:14,1
LF:14
LH:14
BRDA:7,0,0,3
BRF:1
BRH:1
end_of_record
TN:
SF:src/classes/Pedido.js
FN:10,Pedido
FNF:1
FNH:1
FNDA:3,Pedido
DA:1,1
DA:2,1
DA:3,1
DA:4,1
DA:5,1
DA:6,1
DA:7,1
DA:8,1
DA:9,1
DA:10,1
DA:11,3
DA:12,3
DA:13,3
DA:14,3
DA:15,3
DA:16,3
DA:17,3
DA:18,3
DA:19,3
DA:20,3
DA:21,3
DA:22,3
DA:23,3
DA:24,3
DA:25,3
DA:26,3
DA:27,3
DA:28,3
DA:29,3
DA:30,3
DA:31,3
DA:32,1
DA:33,1
DA:34,1
LF:34
LH:34
BRDA:10,0,0,3
BRF:1
BRH:1
end_of_record
TN:
SF:src/classes/Produto.js
FN:11,Produto
FNF:1
FNH:1
FNDA:9,Produto
DA:1,1
DA:2,1
DA:3,1
DA:4,1
DA:5,1
DA:6,1
DA:7,1
DA:8,1
DA:9,1
DA:10,1
DA:11,1
DA:12,9
DA:13,9
DA:14,9
DA:15,9
DA:16,9
DA:17,9
DA:18,9
DA:19,9
DA:20,9
DA:21,1
DA:22,1
DA:23,1
LF:23
LH:23
BRDA:11,0,0,9
BRDA:17,1,0,4
BRDA:19,2,0,5
BRF:3
BRH:3
end_of_record
TN:
SF:src/classes/Usuario.js
FN:9,Usuario
FNF:1
FNH:1
FNDA:4,Usuario
DA:1,1
DA:2,1
DA:3,1
DA:4,1
DA:5,1
DA:6,1
DA:7,1
DA:8,1
DA:9,1
DA:10,4
DA:11,4
DA:12,4
DA:13,4
DA:14,4
DA:15,4
DA:16,1
DA:17,1
DA:18,1
LF:18
LH:18
BRDA:9,0,0,4
BRF:1
BRH:1
end_of_record
TN:
SF:src/config/index.js
FNF:0
FNH:0
DA:1,1
DA:2,1
DA:3,1
DA:4,1
DA:5,1
DA:6,1
DA:7,1
DA:8,1
DA:9,1
DA:10,1
DA:11,1
DA:12,1
LF:12
LH:12
BRF:0
BRH:0
end_of_record
TN:
SF:src/controller/authController.js
FN:4,login
FN:39,authorize
FN:84,logout
FNF:3
FNH:0
FNDA:0,login
FNDA:0,authorize
FNDA:0,logout
DA:1,1
DA:2,1
DA:3,1
DA:4,0
DA:5,0
DA:6,0
DA:7,0
DA:8,0
DA:9,0
DA:10,0
DA:11,0
DA:12,0
DA:13,0
DA:14,0
DA:15,0
DA:16,0
DA:17,0
DA:18,0
DA:19,0
DA:20,0
DA:21,0
DA:22,0
DA:23,0
DA:24,0
DA:25,0
DA:26,0
DA:27,0
DA:28,0
DA:29,0
DA:30,0
DA:31,0
DA:32,0
DA:33,0
DA:34,0
DA:35,0
DA:36,0
DA:37,0
DA:38,1
DA:39,0
DA:40,0
DA:41,0
DA:42,0
DA:43,0
DA:44,0
DA:45,0
DA:46,0
DA:47,0
DA:48,0
DA:49,0
DA:50,0
DA:51,0
DA:52,0
DA:53,0
DA:54,0
DA:55,0
DA:56,0
DA:57,0
DA:58,0
DA:59,0
DA:60,0
DA:61,0
DA:62,0
DA:63,0
DA:64,0
DA:65,0
DA:66,0
DA:67,0
DA:68,0
DA:69,0
DA:70,0
DA:71,0
DA:72,0
DA:73,0
DA:74,0
DA:75,0
DA:76,0
DA:77,0
DA:78,0
DA:79,0
DA:80,0
DA:81,0
DA:82,0
DA:83,1
DA:84,0
DA:85,0
DA:86,0
DA:87,0
DA:88,0
DA:89,0
DA:90,0
DA:91,0
DA:92,0
DA:93,0
DA:94,0
DA:95,0
DA:96,0
DA:97,0
DA:98,0
DA:99,0
DA:100,0
DA:101,0
DA:102,0
DA:103,0
DA:104,0
DA:105,0
DA:106,0
DA:107,0
DA:108,0
DA:109,0
DA:110,0
DA:111,0
DA:112,1
DA:113,1
DA:114,1
DA:115,1
DA:116,1
DA:117,1
LF:117
LH:11
BRF:0
BRH:0
end_of_record
TN:
SF:src/controller/healthController.js
FN:1,healthCheck
FNF:1
FNH:1
FNDA:1,healthCheck
DA:1,1
DA:2,1
DA:3,1
DA:4,1
DA:5,1
LF:5
LH:5
BRDA:1,0,0,1
BRF:1
BRH:1
end_of_record
TN:
SF:src/controller/index.js
FNF:0
FNH:0
DA:1,1
DA:2,1
DA:3,1
DA:4,1
DA:5,1
DA:6,1
DA:7,1
DA:8,1
DA:9,1
DA:10,1
DA:11,1
DA:12,1
DA:13,1
DA:14,1
DA:15,1
LF:15
LH:15
BRF:0
BRH:0
end_of_record
TN:
SF:src/controller/pedidoController.js
FN:6,cadastrar
FN:23,atualizarStatus
FN:49,buscar
FN:70,buscarTodos
FNF:4
FNH:4
FNDA:2,cadastrar
FNDA:3,atualizarStatus
FNDA:3,buscar
FNDA:1,buscarTodos
DA:1,1
DA:2,1
DA:3,1
DA:4,1
DA:5,1
DA:6,2
DA:7,2
DA:8,2
DA:9,2
DA:10,2
DA:11,2
DA:12,2
DA:13,2
DA:14,2
DA:15,2
DA:16,2
DA:17,2
DA:18,0
DA:19,0
DA:20,0
DA:21,2
DA:22,1
DA:23,3
DA:24,3
DA:25,3
DA:26,3
DA:27,3
DA:28,3
DA:29,3
DA:30,3
DA:31,3
DA:32,3
DA:33,3
DA:34,1
DA:35,1
DA:36,1
DA:37,1
DA:38,2
DA:39,3
DA:40,3
DA:41,3
DA:42,3
DA:43,3
DA:44,0
DA:45,0
DA:46,0
DA:47,3
DA:48,1
DA:49,3
DA:50,3
DA:51,3
DA:52,3
DA:53,3
DA:54,3
DA:55,1
DA:56,1
DA:57,1
DA:58,1
DA:59,2
DA:60,3
DA:61,3
DA:62,3
DA:63,3
DA:64,3
DA:65,0
DA:66,0
DA:67,0
DA:68,3
DA:69,1
DA:70,1
DA:71,1
DA:72,1
DA:73,1
DA:74,0
DA:75,0
DA:76,1
DA:77,1
DA:78,0
DA:79,0
DA:80,0
DA:81,1
DA:82,1
DA:83,1
DA:84,1
DA:85,1
DA:86,1
DA:87,1
DA:88,1
DA:89,1
LF:89
LH:75
BRDA:6,0,0,2
BRDA:17,1,0,0
BRDA:23,2,0,3
BRDA:33,3,0,1
BRDA:38,4,0,2
BRDA:43,5,0,0
BRDA:49,6,0,3
BRDA:54,7,0,1
BRDA:59,8,0,2
BRDA:64,9,0,0
BRDA:70,10,0,1
BRDA:73,11,0,0
BRDA:77,12,0,0
BRF:13
BRH:8
end_of_record
TN:
SF:src/controller/produtoController.js
FN:6,cadastrar
FN:23,editar
FN:46,excluir
FN:69,buscarUma
FN:92,buscarTodos
FNF:5
FNH:5
FNDA:6,cadastrar
FNDA:4,editar
FNDA:3,excluir
FNDA:3,buscarUma
FNDA:1,buscarTodos
DA:1,1
DA:2,1
DA:3,1
DA:4,1
DA:5,1
DA:6,6
DA:7,6
DA:8,6
DA:9,6
DA:10,6
DA:11,2
DA:12,2
DA:13,2
DA:14,2
DA:15,6
DA:16,6
DA:17,6
DA:18,0
DA:19,0
DA:20,0
DA:21,6
DA:22,1
DA:23,4
DA:24,4
DA:25,4
DA:26,4
DA:27,4
DA:28,4
DA:29,4
DA:30,4
DA:31,2
DA:32,2
DA:33,2
DA:34,2
DA:35,2
DA:36,4
DA:37,4
DA:38,4
DA:39,4
DA:40,4
DA:41,0
DA:42,0
DA:43,0
DA:44,4
DA:45,1
DA:46,3
DA:47,3
DA:48,3
DA:49,3
DA:50,3
DA:51,3
DA:52,3
DA:53,3
DA:54,1
DA:55,1
DA:56,1
DA:57,1
DA:58,2
DA:59,3
DA:60,3
DA:61,3
DA:62,3
DA:63,3
DA:64,0
DA:65,0
DA:66,0
DA:67,3
DA:68,1
DA:69,3
DA:70,3
DA:71,3
DA:72,3
DA:73,3
DA:74,3
DA:75,3
DA:76,3
DA:77,1
DA:78,1
DA:79,1
DA:80,1
DA:81,2
DA:82,3
DA:83,3
DA:84,3
DA:85,3
DA:86,3
DA:87,0
DA:88,0
DA:89,0
DA:90,3
DA:91,1
DA:92,1
DA:93,1
DA:94,1
DA:95,1
DA:96,0
DA:97,0
DA:98,1
DA:99,1
DA:100,0
DA:101,0
DA:102,0
DA:103,1
DA:104,1
DA:105,1
DA:106,1
DA:107,1
DA:108,1
DA:109,1
DA:110,1
DA:111,1
DA:112,1
DA:113,1
LF:113
LH:96
BRDA:6,0,0,6
BRDA:10,1,0,2
BRDA:17,2,0,0
BRDA:23,3,0,4
BRDA:30,4,0,2
BRDA:40,5,0,0
BRDA:46,6,0,3
BRDA:53,7,0,1
BRDA:58,8,0,2
BRDA:63,9,0,0
BRDA:69,10,0,3
BRDA:76,11,0,1
BRDA:81,12,0,2
BRDA:86,13,0,0
BRDA:92,14,0,1
BRDA:95,15,0,0
BRDA:99,16,0,0
BRF:17
BRH:11
end_of_record
TN:
SF:src/controller/usuarioController.js
FN:6,cadastrar
FN:23,editar
FN:46,excluir
FN:69,buscarTodos
FNF:4
FNH:4
FNDA:2,cadastrar
FNDA:4,editar
FNDA:3,excluir
FNDA:1,buscarTodos
DA:1,1
DA:2,1
DA:3,1
DA:4,1
DA:5,1
DA:6,2
DA:7,2
DA:8,2
DA:9,2
DA:10,2
DA:11,2
DA:12,2
DA:13,2
DA:14,2
DA:15,2
DA:16,2
DA:17,2
DA:18,0
DA:19,0
DA:20,0
DA:21,2
DA:22,1
DA:23,4
DA:24,4
DA:25,4
DA:26,4
DA:27,4
DA:28,4
DA:29,4
DA:30,4
DA:31,2
DA:32,2
DA:33,2
DA:34,2
DA:35,2
DA:36,4
DA:37,4
DA:38,4
DA:39,4
DA:40,4
DA:41,0
DA:42,0
DA:43,0
DA:44,4
DA:45,1
DA:46,3
DA:47,3
DA:48,3
DA:49,3
DA:50,3
DA:51,3
DA:52,3
DA:53,3
DA:54,1
DA:55,1
DA:56,1
DA:57,1
DA:58,2
DA:59,3
DA:60,3
DA:61,3
DA:62,3
DA:63,3
DA:64,0
DA:65,0
DA:66,0
DA:67,3
DA:68,1
DA:69,1
DA:70,1
DA:71,1
DA:72,1
DA:73,0
DA:74,0
DA:75,1
DA:76,1
DA:77,0
DA:78,0
DA:79,0
DA:80,1
DA:81,1
DA:82,1
DA:83,1
DA:84,1
DA:85,1
DA:86,1
DA:87,1
DA:88,1
DA:89,1
LF:89
LH:75
BRDA:6,0,0,2
BRDA:17,1,0,0
BRDA:23,2,0,4
BRDA:30,3,0,2
BRDA:40,4,0,0
BRDA:46,5,0,3
BRDA:53,6,0,1
BRDA:58,7,0,2
BRDA:63,8,0,0
BRDA:69,9,0,1
BRDA:72,10,0,0
BRDA:76,11,0,0
BRF:12
BRH:7
end_of_record
TN:
SF:src/controller/validators/ValidatorPedido.js
FN:9,cadastro
FN:22,atualizacaoStatus
FN:33,busca
FN:44,pedidoBody
FNF:4
FNH:4
FNDA:2,cadastro
FNDA:3,atualizacaoStatus
FNDA:3,busca
FNDA:2,pedidoBody
DA:1,1
DA:2,1
DA:3,1
DA:4,1
DA:5,1
DA:6,1
DA:7,1
DA:8,1
DA:9,1
DA:10,2
DA:11,2
DA:12,0
DA:13,0
DA:14,0
DA:15,2
DA:16,0
DA:17,0
DA:18,0
DA:19,2
DA:20,2
DA:21,2
DA:22,1
DA:23,3
DA:24,3
DA:25,0
DA:26,0
DA:27,0
DA:28,3
DA:29,1
DA:30,1
DA:31,3
DA:32,3
DA:33,1
DA:34,3
DA:35,3
DA:36,1
DA:37,1
DA:38,3
DA:39,3
DA:40,1
DA:41,1
DA:42,1
DA:43,1
DA:44,1
DA:45,2
DA:46,1
DA:47,1
DA:48,1
DA:49,1
DA:50,2
DA:51,2
DA:52,2
DA:53,0
DA:54,0
DA:55,1
DA:56,1
DA:57,1
LF:57
LH:46
BRDA:9,0,0,2
BRDA:11,1,0,0
BRDA:15,2,0,0
BRDA:22,3,0,3
BRDA:24,4,0,0
BRDA:28,5,0,1
BRDA:33,6,0,3
BRDA:35,7,0,1
BRDA:44,8,0,2
BRDA:45,9,0,1
BRDA:52,10,0,0
BRDA:55,11,0,1
BRDA:49,12,0,2
BRDA:50,13,0,0
BRF:14
BRH:9
end_of_record
TN:
SF:src/controller/validators/ValidatorProduto.js
FN:6,cadastro
FN:15,edicao
FN:28,exclusao
FN:35,busca
FN:46,produtoBody
FNF:5
FNH:4
FNDA:6,cadastro
FNDA:4,edicao
FNDA:6,exclusao
FNDA:0,busca
FNDA:7,produtoBody
DA:1,1
DA:2,1
DA:3,1
DA:4,1
DA:5,1
DA:6,1
DA:7,6
DA:8,6
DA:9,1
DA:10,1
DA:11,1
DA:12,5
DA:13,5
DA:14,5
DA:15,1
DA:16,4
DA:17,4
DA:18,2
DA:19,2
DA:20,2
DA:21,4
DA:22,0
DA:23,0
DA:24,0
DA:25,2
DA:26,2
DA:27,2
DA:28,1
DA:29,6
DA:30,6
DA:31,2
DA:32,2
DA:33,6
DA:34,6
DA:35,1
DA:36,0
DA:37,0
DA:38,0
DA:39,0
DA:40,0
DA:41,0
DA:42,1
DA:43,1
DA:44,1
DA:45,1
DA:46,1
DA:47,7
DA:48,0
DA:49,0
DA:50,7
DA:51,7
DA:52,1
DA:53,1
DA:54,7
DA:55,7
DA:56,1
LF:56
LH:45
BRDA:6,0,0,6
BRDA:8,1,0,1
BRDA:12,2,0,5
BRDA:15,3,0,4
BRDA:17,4,0,2
BRDA:21,5,0,0
BRDA:25,6,0,2
BRDA:28,7,0,6
BRDA:30,8,0,2
BRDA:46,9,0,7
BRDA:47,10,0,0
BRDA:51,11,0,1
BRF:12
BRH:10
end_of_record
TN:
SF:src/controller/validators/ValidatorUsuario.js
FN:8,cadastro
FN:17,edicao
FN:30,exclusao
FN:41,usuarioBody
FNF:4
FNH:4
FNDA:2,cadastro
FNDA:4,edicao
FNDA:3,exclusao
FNDA:3,usuarioBody
DA:1,1
DA:2,1
DA:3,1
DA:4,1
DA:5,1
DA:6,1
DA:7,1
DA:8,1
DA:9,2
DA:10,2
DA:11,1
DA:12,1
DA:13,1
DA:14,1
DA:15,1
DA:16,1
DA:17,1
DA:18,4
DA:19,4
DA:20,1
DA:21,1
DA:22,1
DA:23,4
DA:24,1
DA:25,1
DA:26,1
DA:27,2
DA:28,2
DA:29,2
DA:30,1
DA:31,3
DA:32,3
DA:33,1
DA:34,1
DA:35,3
DA:36,3
DA:37,1
DA:38,1
DA:39,1
DA:40,1
DA:41,1
DA:42,3
DA:43,0
DA:44,0
DA:45,3
DA:46,0
DA:47,0
DA:48,3
DA:49,1
LF:49
LH:45
BRDA:8,0,0,2
BRDA:10,1,0,1
BRDA:17,2,0,4
BRDA:19,3,0,1
BRDA:23,4,0,3
BRDA:23,5,0,1
BRDA:27,6,0,2
BRDA:30,7,0,3
BRDA:32,8,0,1
BRDA:41,9,0,3
BRDA:42,10,0,0
BRDA:45,11,0,0
BRF:12
BRH:10
end_of_record
TN:
SF:src/controller/validators/erros.js
FN:1,existirErros
FNF:1
FNH:1
FNDA:33,existirErros
DA:1,1
DA:2,33
DA:3,13
DA:4,13
DA:5,20
DA:6,20
LF:6
LH:6
BRDA:1,0,0,33
BRDA:2,1,0,13
BRDA:5,2,0,20
BRF:3
BRH:3
end_of_record
TN:
SF:src/controller/validators/util.js
FN:7,hasCamposVazios
FNF:1
FNH:1
FNDA:19,hasCamposVazios
DA:1,1
DA:2,1
DA:3,1
DA:4,1
DA:5,1
DA:6,1
DA:7,19
DA:8,19
DA:9,56
DA:10,56
DA:11,19
DA:12,1
DA:13,1
DA:14,1
DA:15,1
LF:15
LH:15
BRDA:7,0,0,19
BRDA:8,1,0,56
BRDA:9,2,0,55
BRF:3
BRH:3
end_of_record
TN:
SF:src/models/itemPedidoModel.js
FNF:0
FNH:0
DA:1,1
DA:2,1
DA:3,1
DA:4,1
DA:5,1
DA:6,1
DA:7,1
DA:8,1
DA:9,1
DA:10,1
DA:11,1
DA:12,1
DA:13,1
DA:14,1
DA:15,1
DA:16,1
DA:17,1
DA:18,1
DA:19,1
DA:20,1
DA:21,1
DA:22,1
DA:23,1
DA:24,1
DA:25,1
DA:26,1
DA:27,1
DA:28,1
DA:29,1
DA:30,1
DA:31,1
DA:32,1
DA:33,1
DA:34,1
DA:35,1
DA:36,1
DA:37,1
DA:38,1
DA:39,1
DA:40,1
DA:41,1
DA:42,1
DA:43,1
DA:44,1
DA:45,3
DA:46,3
DA:47,1
DA:48,1
LF:48
LH:48
BRDA:44,0,0,3
BRF:1
BRH:1
end_of_record
TN:
SF:src/models/pedidoModel.js
FNF:0
FNH:0
DA:1,1
DA:2,1
DA:3,1
DA:4,1
DA:5,1
DA:6,1
DA:7,1
DA:8,1
DA:9,1
DA:10,1
DA:11,1
DA:12,1
DA:13,1
DA:14,1
DA:15,1
DA:16,1
DA:17,1
DA:18,1
DA:19,1
DA:20,1
DA:21,1
DA:22,1
DA:23,1
DA:24,1
DA:25,1
DA:26,1
DA:27,1
DA:28,1
DA:29,1
DA:30,1
DA:31,1
DA:32,1
DA:33,1
DA:34,1
DA:35,1
DA:36,3
DA:37,3
DA:38,1
DA:39,1
LF:39
LH:39
BRDA:35,0,0,3
BRF:1
BRH:1
end_of_record
TN:
SF:src/models/produtoModel.js
FNF:0
FNH:0
DA:1,1
DA:2,1
DA:3,1
DA:4,1
DA:5,1
DA:6,1
DA:7,1
DA:8,1
DA:9,1
DA:10,1
DA:11,1
DA:12,1
DA:13,1
DA:14,1
DA:15,1
DA:16,1
DA:17,1
DA:18,1
DA:19,1
DA:20,1
DA:21,1
DA:22,1
DA:23,1
DA:24,1
DA:25,1
DA:26,1
DA:27,1
DA:28,1
DA:29,1
DA:30,1
DA:31,1
DA:32,1
DA:33,1
DA:34,1
DA:35,1
DA:36,1
DA:37,1
DA:38,1
DA:39,1
DA:40,3
DA:41,3
DA:42,1
DA:43,1
LF:43
LH:43
BRDA:39,0,0,3
BRF:1
BRH:1
end_of_record
TN:
SF:src/models/usuarioModel.js
FNF:0
FNH:0
DA:1,1
DA:2,1
DA:3,1
DA:4,1
DA:5,1
DA:6,1
DA:7,1
DA:8,1
DA:9,1
DA:10,1
DA:11,1
DA:12,1
DA:13,1
DA:14,1
DA:15,1
DA:16,1
DA:17,1
DA:18,1
DA:19,1
DA:20,1
DA:21,1
DA:22,1
DA:23,1
DA:24,1
DA:25,1
DA:26,1
DA:27,1
DA:28,1
DA:29,1
DA:30,1
DA:31,1
DA:32,1
DA:33,1
DA:34,3
DA:35,3
DA:36,1
DA:37,1
LF:37
LH:37
BRDA:33,0,0,3
BRF:1
BRH:1
end_of_record
TN:
SF:src/routes/index.js
FNF:0
FNH:0
DA:1,1
DA:2,1
DA:3,1
DA:4,1
DA:5,1
DA:6,1
DA:7,1
DA:8,1
DA:9,1
DA:10,1
DA:11,1
DA:12,1
DA:13,1
DA:14,1
DA:15,1
DA:16,1
DA:17,1
DA:18,1
DA:19,1
DA:20,1
DA:21,1
DA:22,1
DA:23,1
DA:24,1
DA:25,1
DA:26,1
DA:27,1
DA:28,1
LF:28
LH:28
BRF:0
BRH:0
end_of_record
TN:
SF:src/services/PedidoService.js
FN:6,cadastrar
FN:21,cadastrarItensPedido
FN:36,atualizarStatus
FN:56,buscar
FN:76,buscarTodos
FNF:5
FNH:5
FNDA:1,cadastrar
FNDA:1,cadastrarItensPedido
FNDA:2,atualizarStatus
FNDA:2,buscar
FNDA:1,buscarTodos
DA:1,1
DA:2,1
DA:3,1
DA:4,1
DA:5,1
DA:6,1
DA:7,1
DA:8,1
DA:9,1
DA:10,1
DA:11,1
DA:12,1
DA:13,1
DA:14,1
DA:15,0
DA:16,0
DA:17,0
DA:18,0
DA:19,1
DA:20,1
DA:21,1
DA:22,1
DA:23,1
DA:24,2
DA:25,2
DA:26,2
DA:27,2
DA:28,2
DA:29,1
DA:30,0
DA:31,0
DA:32,0
DA:33,0
DA:34,1
DA:35,1
DA:36,2
DA:37,2
DA:38,2
DA:39,2
DA:40,2
DA:41,2
DA:42,2
DA:43,2
DA:44,2
DA:45,2
DA:46,2
DA:47,2
DA:48,2
DA:49,2
DA:50,0
DA:51,0
DA:52,0
DA:53,0
DA:54,2
DA:55,1
DA:56,2
DA:57,2
DA:58,2
DA:59,2
DA:60,2
DA:61,2
DA:62,2
DA:63,2
DA:64,2
DA:65,2
DA:66,2
DA:67,2
DA:68,2
DA:69,2
DA:70,0
DA:71,0
DA:72,0
DA:73,0
DA:74,2
DA:75,1
DA:76,1
DA:77,1
DA:78,1
DA:79,1
DA:80,1
DA:81,1
DA:82,1
DA:83,1
DA:84,1
DA:85,1
DA:86,1
DA:87,1
DA:88,1
DA:89,0
DA:90,0
DA:91,0
DA:92,0
DA:93,1
DA:94,1
DA:95,1
DA:96,1
DA:97,1
DA:98,1
DA:99,1
LF:99
LH:79
BRDA:6,0,0,1
BRDA:14,1,0,0
BRDA:21,2,0,1
BRDA:29,3,0,0
BRDA:23,4,0,2
BRDA:36,5,0,2
BRDA:49,6,0,0
BRDA:56,7,0,2
BRDA:69,8,0,0
BRDA:76,9,0,1
BRDA:88,10,0,0
BRF:11
BRH:6
end_of_record
TN:
SF:src/services/ProdutoService.js
FN:5,cadastrar
FN:17,editar
FN:42,excluir
FN:56,buscarUma
FN:70,buscarTodos
FNF:5
FNH:5
FNDA:4,cadastrar
FNDA:2,editar
FNDA:2,excluir
FNDA:2,buscarUma
FNDA:1,buscarTodos
DA:1,1
DA:2,1
DA:3,1
DA:4,1
DA:5,4
DA:6,4
DA:7,4
DA:8,4
DA:9,4
DA:10,4
DA:11,0
DA:12,0
DA:13,0
DA:14,0
DA:15,4
DA:16,1
DA:17,2
DA:18,2
DA:19,2
DA:20,2
DA:21,2
DA:22,2
DA:23,2
DA:24,2
DA:25,2
DA:26,2
DA:27,2
DA:28,2
DA:29,2
DA:30,0
DA:31,0
DA:32,0
DA:33,0
DA:34,2
DA:35,2
DA:36,0
DA:37,0
DA:38,0
DA:39,0
DA:40,2
DA:41,1
DA:42,2
DA:43,2
DA:44,2
DA:45,2
DA:46,2
DA:47,2
DA:48,2
DA:49,2
DA:50,0
DA:51,0
DA:52,0
DA:53,0
DA:54,2
DA:55,1
DA:56,2
DA:57,2
DA:58,2
DA:59,2
DA:60,2
DA:61,2
DA:62,2
DA:63,2
DA:64,0
DA:65,0
DA:66,0
DA:67,0
DA:68,2
DA:69,1
DA:70,1
DA:71,1
DA:72,1
DA:73,1
DA:74,0
DA:75,0
DA:76,0
DA:77,0
DA:78,1
DA:79,1
DA:80,1
DA:81,1
DA:82,1
DA:83,1
DA:84,1
DA:85,1
LF:85
LH:61
BRDA:5,0,0,4
BRDA:10,1,0,0
BRDA:17,2,0,2
BRDA:25,3,0,1
BRDA:29,4,0,0
BRDA:35,5,0,0
BRDA:42,6,0,2
BRDA:49,7,0,0
BRDA:56,8,0,2
BRDA:63,9,0,0
BRDA:70,10,0,1
BRDA:73,11,0,0
BRF:12
BRH:6
end_of_record
TN:
SF:src/services/UsuarioService.js
FN:5,cadastrar
FN:17,editar
FN:36,excluir
FN:50,buscarTodos
FNF:4
FNH:4
FNDA:1,cadastrar
FNDA:2,editar
FNDA:2,excluir
FNDA:1,buscarTodos
DA:1,1
DA:2,1
DA:3,1
DA:4,1
DA:5,1
DA:6,1
DA:7,1
DA:8,1
DA:9,1
DA:10,1
DA:11,0
DA:12,0
DA:13,0
DA:14,0
DA:15,1
DA:16,1
DA:17,2
DA:18,2
DA:19,2
DA:20,2
DA:21,2
DA:22,2
DA:23,2
DA:24,2
DA:25,2
DA:26,2
DA:27,2
DA:28,2
DA:29,2
DA:30,0
DA:31,0
DA:32,0
DA:33,0
DA:34,2
DA:35,1
DA:36,2
DA:37,2
DA:38,2
DA:39,2
DA:40,2
DA:41,2
DA:42,2
DA:43,2
DA:44,0
DA:45,0
DA:46,0
DA:47,0
DA:48,2
DA:49,1
DA:50,1
DA:51,1
DA:52,1
DA:53,1
DA:54,0
DA:55,0
DA:56,0
DA:57,0
DA:58,1
DA:59,1
DA:60,1
DA:61,1
DA:62,1
DA:63,1
DA:64,1
DA:65,1
LF:65
LH:49
BRDA:5,0,0,1
BRDA:10,1,0,0
BRDA:17,2,0,2
BRDA:29,3,0,0
BRDA:36,4,0,2
BRDA:43,5,0,0
BRDA:50,6,0,1
BRDA:53,7,0,0
BRF:8
BRH:4
end_of_record
